[2024-04-13T00:00:02.475+0000] {taskinstance.py:1979} INFO - Dependencies all met for dep_context=non-requeueable deps ti=<TaskInstance: KingFX1_ETL.Extract_Response scheduled__2024-04-12T00:00:00+00:00 [queued]>
[2024-04-13T00:00:02.485+0000] {taskinstance.py:1979} INFO - Dependencies all met for dep_context=requeueable deps ti=<TaskInstance: KingFX1_ETL.Extract_Response scheduled__2024-04-12T00:00:00+00:00 [queued]>
[2024-04-13T00:00:02.486+0000] {taskinstance.py:2193} INFO - Starting attempt 1 of 0
[2024-04-13T00:00:02.502+0000] {taskinstance.py:2217} INFO - Executing <Task(PythonOperator): Extract_Response> on 2024-04-12 00:00:00+00:00
[2024-04-13T00:00:02.507+0000] {standard_task_runner.py:60} INFO - Started process 4081 to run task
[2024-04-13T00:00:02.510+0000] {standard_task_runner.py:87} INFO - Running: ['***', 'tasks', 'run', 'KingFX1_ETL', 'Extract_Response', 'scheduled__2024-04-12T00:00:00+00:00', '--job-id', '79', '--raw', '--subdir', 'DAGS_FOLDER/include/fx_dag.py', '--cfg-path', '/tmp/tmpfp5hd98a']
[2024-04-13T00:00:02.513+0000] {standard_task_runner.py:88} INFO - Job 79: Subtask Extract_Response
[2024-04-13T00:00:02.563+0000] {task_command.py:423} INFO - Running <TaskInstance: KingFX1_ETL.Extract_Response scheduled__2024-04-12T00:00:00+00:00 [running]> on host 65f2ce3f86e2
[2024-04-13T00:00:02.650+0000] {taskinstance.py:2513} INFO - Exporting env vars: AIRFLOW_CTX_DAG_OWNER='kresthill' AIRFLOW_CTX_DAG_ID='KingFX1_ETL' AIRFLOW_CTX_TASK_ID='Extract_Response' AIRFLOW_CTX_EXECUTION_DATE='2024-04-12T00:00:00+00:00' AIRFLOW_CTX_TRY_NUMBER='1' AIRFLOW_CTX_DAG_RUN_ID='scheduled__2024-04-12T00:00:00+00:00'
[2024-04-13T00:00:02.652+0000] {logging_mixin.py:188} INFO - datascope1000723960447 tfa78vt86qrdcgqfs5m9asp2b4
[2024-04-13T00:00:04.337+0000] {logging_mixin.py:188} INFO - {'terms': 'https://www.xe.com/legal/', 'privacy': 'http://www.xe.com/privacy.php', 'from': 'USD', 'amount': 1.0, 'timestamp': '2024-04-13T00:00:00Z', 'to': [{'quotecurrency': 'EGP', 'mid': 47.4832093205}, {'quotecurrency': 'GHS', 'mid': 13.3965352924}, {'quotecurrency': 'KES', 'mid': 129.9157757938}, {'quotecurrency': 'MAD', 'mid': 10.0194953117}, {'quotecurrency': 'NGN', 'mid': 1200.4954199097}, {'quotecurrency': 'UGX', 'mid': 3807.0692791395}, {'quotecurrency': 'XOF', 'mid': 615.4439079756}]}
[2024-04-13T00:00:04.339+0000] {logging_mixin.py:188} INFO - successfully extracted data
[2024-04-13T00:00:04.340+0000] {python.py:202} INFO - Done. Returned value was: None
[2024-04-13T00:00:04.357+0000] {taskinstance.py:1149} INFO - Marking task as SUCCESS. dag_id=KingFX1_ETL, task_id=Extract_Response, execution_date=20240412T000000, start_date=20240413T000002, end_date=20240413T000004
[2024-04-13T00:00:04.379+0000] {local_task_job_runner.py:234} INFO - Task exited with return code 0
[2024-04-13T00:11:41.560+0000] {taskinstance.py:1979} INFO - Dependencies all met for dep_context=non-requeueable deps ti=<TaskInstance: KingFX1_ETL.Extract_Response scheduled__2024-04-12T00:00:00+00:00 [queued]>
[2024-04-13T00:11:41.570+0000] {taskinstance.py:1979} INFO - Dependencies all met for dep_context=requeueable deps ti=<TaskInstance: KingFX1_ETL.Extract_Response scheduled__2024-04-12T00:00:00+00:00 [queued]>
[2024-04-13T00:11:41.571+0000] {taskinstance.py:2193} INFO - Starting attempt 1 of 0
[2024-04-13T00:11:41.585+0000] {taskinstance.py:2217} INFO - Executing <Task(PythonOperator): Extract_Response> on 2024-04-12 00:00:00+00:00
[2024-04-13T00:11:41.590+0000] {standard_task_runner.py:60} INFO - Started process 4266 to run task
[2024-04-13T00:11:41.594+0000] {standard_task_runner.py:87} INFO - Running: ['***', 'tasks', 'run', 'KingFX1_ETL', 'Extract_Response', 'scheduled__2024-04-12T00:00:00+00:00', '--job-id', '82', '--raw', '--subdir', 'DAGS_FOLDER/include/fx_dag.py', '--cfg-path', '/tmp/tmpl41e7jd9']
[2024-04-13T00:11:41.597+0000] {standard_task_runner.py:88} INFO - Job 82: Subtask Extract_Response
[2024-04-13T00:11:41.653+0000] {task_command.py:423} INFO - Running <TaskInstance: KingFX1_ETL.Extract_Response scheduled__2024-04-12T00:00:00+00:00 [running]> on host 65f2ce3f86e2
[2024-04-13T00:11:41.736+0000] {taskinstance.py:2513} INFO - Exporting env vars: AIRFLOW_CTX_DAG_OWNER='kresthill' AIRFLOW_CTX_DAG_ID='KingFX1_ETL' AIRFLOW_CTX_TASK_ID='Extract_Response' AIRFLOW_CTX_EXECUTION_DATE='2024-04-12T00:00:00+00:00' AIRFLOW_CTX_TRY_NUMBER='1' AIRFLOW_CTX_DAG_RUN_ID='scheduled__2024-04-12T00:00:00+00:00'
[2024-04-13T00:11:41.738+0000] {logging_mixin.py:188} INFO - datascope1000723960447 tfa78vt86qrdcgqfs5m9asp2b4
[2024-04-13T00:11:43.065+0000] {logging_mixin.py:188} INFO - {'terms': 'https://www.xe.com/legal/', 'privacy': 'http://www.xe.com/privacy.php', 'from': 'USD', 'amount': 1.0, 'timestamp': '2024-04-13T00:00:00Z', 'to': [{'quotecurrency': 'EGP', 'mid': 47.4832093205}, {'quotecurrency': 'GHS', 'mid': 13.3965352924}, {'quotecurrency': 'KES', 'mid': 129.9157757938}, {'quotecurrency': 'MAD', 'mid': 10.0194953117}, {'quotecurrency': 'NGN', 'mid': 1200.4954199097}, {'quotecurrency': 'UGX', 'mid': 3807.0692791395}, {'quotecurrency': 'XOF', 'mid': 615.4439079756}]}
[2024-04-13T00:11:43.066+0000] {logging_mixin.py:188} INFO - successfully extracted data
[2024-04-13T00:11:43.067+0000] {python.py:202} INFO - Done. Returned value was: None
[2024-04-13T00:11:43.077+0000] {taskinstance.py:1149} INFO - Marking task as SUCCESS. dag_id=KingFX1_ETL, task_id=Extract_Response, execution_date=20240412T000000, start_date=20240413T001141, end_date=20240413T001143
[2024-04-13T00:11:43.094+0000] {local_task_job_runner.py:234} INFO - Task exited with return code 0
