[2024-04-17T15:42:18.752+0000] {taskinstance.py:1979} INFO - Dependencies all met for dep_context=non-requeueable deps ti=<TaskInstance: KingFX1_ETL.load_to_snowflake manual__2024-04-17T15:42:04.977263+00:00 [queued]>
[2024-04-17T15:42:18.762+0000] {taskinstance.py:1979} INFO - Dependencies all met for dep_context=requeueable deps ti=<TaskInstance: KingFX1_ETL.load_to_snowflake manual__2024-04-17T15:42:04.977263+00:00 [queued]>
[2024-04-17T15:42:18.763+0000] {taskinstance.py:2193} INFO - Starting attempt 1 of 1
[2024-04-17T15:42:18.777+0000] {taskinstance.py:2217} INFO - Executing <Task(SnowflakeOperator): load_to_snowflake> on 2024-04-17 15:42:04.977263+00:00
[2024-04-17T15:42:18.782+0000] {standard_task_runner.py:60} INFO - Started process 153 to run task
[2024-04-17T15:42:18.786+0000] {standard_task_runner.py:87} INFO - Running: ['***', 'tasks', 'run', 'KingFX1_ETL', 'load_to_snowflake', 'manual__2024-04-17T15:42:04.977263+00:00', '--job-id', '176', '--raw', '--subdir', 'DAGS_FOLDER/include/fx_dag.py', '--cfg-path', '/tmp/tmpk1mzu9yh']
[2024-04-17T15:42:18.789+0000] {standard_task_runner.py:88} INFO - Job 176: Subtask load_to_snowflake
[2024-04-17T15:42:18.838+0000] {task_command.py:423} INFO - Running <TaskInstance: KingFX1_ETL.load_to_snowflake manual__2024-04-17T15:42:04.977263+00:00 [running]> on host 65f2ce3f86e2
[2024-04-17T15:42:18.915+0000] {taskinstance.py:2513} INFO - Exporting env vars: AIRFLOW_CTX_DAG_OWNER='***' AIRFLOW_CTX_DAG_ID='KingFX1_ETL' AIRFLOW_CTX_TASK_ID='load_to_snowflake' AIRFLOW_CTX_EXECUTION_DATE='2024-04-17T15:42:04.977263+00:00' AIRFLOW_CTX_TRY_NUMBER='1' AIRFLOW_CTX_DAG_RUN_ID='manual__2024-04-17T15:42:04.977263+00:00'
[2024-04-17T15:42:18.916+0000] {sql.py:276} INFO - Executing: 
    COPY INTO rates
    FROM @~/data.csv
    FILE_FORMAT=(TYPE=CSV SKIP_HEADER=1)
[2024-04-17T15:42:18.927+0000] {base.py:83} INFO - Using connection ID 'snowflake_conn' for task execution.
[2024-04-17T15:42:18.937+0000] {base.py:83} INFO - Using connection ID 'snowflake_conn' for task execution.
[2024-04-17T15:42:18.937+0000] {connection.py:386} INFO - Snowflake Connector for Python Version: 3.7.1, Python Version: 3.8.19, Platform: Linux-5.15.146.1-microsoft-standard-WSL2-x86_64-with-glibc2.34
[2024-04-17T15:42:18.939+0000] {connection.py:1211} INFO - This connection is in OCSP Fail Open Mode. TLS Certificates would be checked for validity and revocation status. Any other Certificate Revocation related exceptions or OCSP Responder failures would be disregarded in favor of connectivity.
[2024-04-17T15:42:19.858+0000] {cursor.py:1032} INFO - query: [ALTER SESSION SET autocommit=True]
[2024-04-17T15:42:20.059+0000] {cursor.py:1045} INFO - query execution done
[2024-04-17T15:42:20.059+0000] {cursor.py:1205} INFO - Number of results in first chunk: 1
[2024-04-17T15:42:20.060+0000] {sql.py:457} INFO - Running statement: COPY INTO rates
    FROM @~/data.csv
    FILE_FORMAT=(TYPE=CSV SKIP_HEADER=1), parameters: None
[2024-04-17T15:42:20.060+0000] {cursor.py:1032} INFO - query: [COPY INTO rates FROM @~/data.csv FILE_FORMAT=(TYPE=CSV SKIP_HEADER=1)]
[2024-04-17T15:42:20.889+0000] {cursor.py:1045} INFO - query execution done
[2024-04-17T15:42:20.892+0000] {cursor.py:1205} INFO - Number of results in first chunk: 1
[2024-04-17T15:42:20.894+0000] {sql.py:466} INFO - Rows affected: 1
[2024-04-17T15:42:20.897+0000] {warnings.py:109} WARNING - /home/***/.local/lib/python3.8/site-packages/***/providers/snowflake/hooks/snowflake.py:393: AirflowProviderDeprecationWarning: Call to deprecated method _make_common_data_structure. (The `_make_serializable` method is deprecated and support will be removed in a future version of the common.sql provider. Please update the DbApiHook's provider to a version based on common.sql >= 1.9.1.)
  result = self._make_common_data_structure(handler(cur))  # type: ignore[attr-defined]

[2024-04-17T15:42:20.900+0000] {snowflake.py:402} INFO - Rows affected: 1
[2024-04-17T15:42:20.902+0000] {snowflake.py:403} INFO - Snowflake query id: 01b3bb6e-0000-dd80-0000-0001958e6139
[2024-04-17T15:42:20.904+0000] {connection.py:734} INFO - closed
[2024-04-17T15:42:21.084+0000] {connection.py:740} INFO - No async queries seem to be running, deleting session
[2024-04-17T15:42:21.269+0000] {taskinstance.py:1149} INFO - Marking task as SUCCESS. dag_id=KingFX1_ETL, task_id=load_to_snowflake, execution_date=20240417T154204, start_date=20240417T154218, end_date=20240417T154221
[2024-04-17T15:42:21.298+0000] {local_task_job_runner.py:234} INFO - Task exited with return code 0
[2024-04-17T15:42:21.309+0000] {warnings.py:109} WARNING - /home/***/.local/lib/python3.8/site-packages/***/models/baseoperator.py:1201: AirflowProviderDeprecationWarning: Call to deprecated class SnowflakeOperator. (This class is deprecated. Please use `***.providers.common.sql.operators.sql.SQLExecuteQueryOperator`. Also, you can provide `hook_params={'warehouse': <warehouse>, 'database': <database>, 'role': <role>, 'schema': <schema>, 'authenticator': <authenticator>,'session_parameters': <session_parameters>}`.)
  result = cls.__new__(cls)

[2024-04-17T15:42:21.318+0000] {taskinstance.py:3312} INFO - 0 downstream tasks scheduled from follow-on schedule check
