[2024-04-15T22:41:31.717+0000] {taskinstance.py:1979} INFO - Dependencies all met for dep_context=non-requeueable deps ti=<TaskInstance: KingFX1_ETL.Transform_response scheduled__2024-04-14T00:00:00+00:00 [queued]>
[2024-04-15T22:41:31.726+0000] {taskinstance.py:1979} INFO - Dependencies all met for dep_context=requeueable deps ti=<TaskInstance: KingFX1_ETL.Transform_response scheduled__2024-04-14T00:00:00+00:00 [queued]>
[2024-04-15T22:41:31.727+0000] {taskinstance.py:2193} INFO - Starting attempt 1 of 1
[2024-04-15T22:41:31.743+0000] {taskinstance.py:2217} INFO - Executing <Task(PythonOperator): Transform_response> on 2024-04-14 00:00:00+00:00
[2024-04-15T22:41:31.747+0000] {standard_task_runner.py:60} INFO - Started process 16816 to run task
[2024-04-15T22:41:31.751+0000] {standard_task_runner.py:87} INFO - Running: ['***', 'tasks', 'run', 'KingFX1_ETL', 'Transform_response', 'scheduled__2024-04-14T00:00:00+00:00', '--job-id', '102', '--raw', '--subdir', 'DAGS_FOLDER/include/fx_dag.py', '--cfg-path', '/tmp/tmphy3_mf53']
[2024-04-15T22:41:31.754+0000] {standard_task_runner.py:88} INFO - Job 102: Subtask Transform_response
[2024-04-15T22:41:31.805+0000] {task_command.py:423} INFO - Running <TaskInstance: KingFX1_ETL.Transform_response scheduled__2024-04-14T00:00:00+00:00 [running]> on host 65f2ce3f86e2
[2024-04-15T22:41:31.887+0000] {taskinstance.py:2513} INFO - Exporting env vars: AIRFLOW_CTX_DAG_OWNER='***' AIRFLOW_CTX_DAG_ID='KingFX1_ETL' AIRFLOW_CTX_TASK_ID='Transform_response' AIRFLOW_CTX_EXECUTION_DATE='2024-04-14T00:00:00+00:00' AIRFLOW_CTX_TRY_NUMBER='1' AIRFLOW_CTX_DAG_RUN_ID='scheduled__2024-04-14T00:00:00+00:00'
[2024-04-15T22:41:31.889+0000] {logging_mixin.py:188} INFO - {'terms': 'https://www.xe.com/legal/', 'privacy': 'http://www.xe.com/privacy.php', 'from': 'USD', 'amount': 1.0, 'timestamp': '2024-04-15T00:00:00Z', 'to': [{'quotecurrency': 'EGP', 'mid': 47.5475235609}, {'quotecurrency': 'GHS', 'mid': 13.4052863442}, {'quotecurrency': 'KES', 'mid': 129.9178476573}, {'quotecurrency': 'MAD', 'mid': 10.0217613841}, {'quotecurrency': 'NGN', 'mid': 1239.969221375}, {'quotecurrency': 'UGX', 'mid': 3805.5015679682}, {'quotecurrency': 'XOF', 'mid': 616.082413824}]}
[2024-04-15T22:41:31.924+0000] {python.py:202} INFO - Done. Returned value was: None
[2024-04-15T22:41:31.934+0000] {taskinstance.py:1149} INFO - Marking task as SUCCESS. dag_id=KingFX1_ETL, task_id=Transform_response, execution_date=20240414T000000, start_date=20240415T224131, end_date=20240415T224131
[2024-04-15T22:41:31.965+0000] {local_task_job_runner.py:234} INFO - Task exited with return code 0
[2024-04-15T22:41:31.976+0000] {warnings.py:109} WARNING - /home/***/.local/lib/python3.8/site-packages/***/models/baseoperator.py:1201: AirflowProviderDeprecationWarning: Call to deprecated class SnowflakeOperator. (This class is deprecated. Please use `***.providers.common.sql.operators.sql.SQLExecuteQueryOperator`. Also, you can provide `hook_params={'warehouse': <warehouse>, 'database': <database>, 'role': <role>, 'schema': <schema>, 'authenticator': <authenticator>,'session_parameters': <session_parameters>}`.)
  result = cls.__new__(cls)

[2024-04-15T22:41:31.995+0000] {taskinstance.py:3312} INFO - 1 downstream tasks scheduled from follow-on schedule check
[2024-04-15T22:48:37.133+0000] {taskinstance.py:1979} INFO - Dependencies all met for dep_context=non-requeueable deps ti=<TaskInstance: KingFX1_ETL.Transform_response scheduled__2024-04-14T00:00:00+00:00 [queued]>
[2024-04-15T22:48:37.142+0000] {taskinstance.py:1979} INFO - Dependencies all met for dep_context=requeueable deps ti=<TaskInstance: KingFX1_ETL.Transform_response scheduled__2024-04-14T00:00:00+00:00 [queued]>
[2024-04-15T22:48:37.143+0000] {taskinstance.py:2193} INFO - Starting attempt 1 of 1
[2024-04-15T22:48:37.159+0000] {taskinstance.py:2217} INFO - Executing <Task(PythonOperator): Transform_response> on 2024-04-14 00:00:00+00:00
[2024-04-15T22:48:37.164+0000] {standard_task_runner.py:60} INFO - Started process 16946 to run task
[2024-04-15T22:48:37.167+0000] {standard_task_runner.py:87} INFO - Running: ['***', 'tasks', 'run', 'KingFX1_ETL', 'Transform_response', 'scheduled__2024-04-14T00:00:00+00:00', '--job-id', '111', '--raw', '--subdir', 'DAGS_FOLDER/include/fx_dag.py', '--cfg-path', '/tmp/tmp9x4ozwga']
[2024-04-15T22:48:37.170+0000] {standard_task_runner.py:88} INFO - Job 111: Subtask Transform_response
[2024-04-15T22:48:37.223+0000] {task_command.py:423} INFO - Running <TaskInstance: KingFX1_ETL.Transform_response scheduled__2024-04-14T00:00:00+00:00 [running]> on host 65f2ce3f86e2
[2024-04-15T22:48:37.302+0000] {taskinstance.py:2513} INFO - Exporting env vars: AIRFLOW_CTX_DAG_OWNER='***' AIRFLOW_CTX_DAG_ID='KingFX1_ETL' AIRFLOW_CTX_TASK_ID='Transform_response' AIRFLOW_CTX_EXECUTION_DATE='2024-04-14T00:00:00+00:00' AIRFLOW_CTX_TRY_NUMBER='1' AIRFLOW_CTX_DAG_RUN_ID='scheduled__2024-04-14T00:00:00+00:00'
[2024-04-15T22:48:37.304+0000] {logging_mixin.py:188} INFO - {'terms': 'https://www.xe.com/legal/', 'privacy': 'http://www.xe.com/privacy.php', 'from': 'USD', 'amount': 1.0, 'timestamp': '2024-04-15T00:00:00Z', 'to': [{'quotecurrency': 'EGP', 'mid': 47.5475235609}, {'quotecurrency': 'GHS', 'mid': 13.4052863442}, {'quotecurrency': 'KES', 'mid': 129.9178476573}, {'quotecurrency': 'MAD', 'mid': 10.0217613841}, {'quotecurrency': 'NGN', 'mid': 1239.969221375}, {'quotecurrency': 'UGX', 'mid': 3805.5015679682}, {'quotecurrency': 'XOF', 'mid': 616.082413824}]}
[2024-04-15T22:48:37.314+0000] {python.py:202} INFO - Done. Returned value was: None
[2024-04-15T22:48:37.325+0000] {taskinstance.py:1149} INFO - Marking task as SUCCESS. dag_id=KingFX1_ETL, task_id=Transform_response, execution_date=20240414T000000, start_date=20240415T224837, end_date=20240415T224837
[2024-04-15T22:48:37.381+0000] {local_task_job_runner.py:234} INFO - Task exited with return code 0
[2024-04-15T22:48:37.392+0000] {warnings.py:109} WARNING - /home/***/.local/lib/python3.8/site-packages/***/models/baseoperator.py:1201: AirflowProviderDeprecationWarning: Call to deprecated class SnowflakeOperator. (This class is deprecated. Please use `***.providers.common.sql.operators.sql.SQLExecuteQueryOperator`. Also, you can provide `hook_params={'warehouse': <warehouse>, 'database': <database>, 'role': <role>, 'schema': <schema>, 'authenticator': <authenticator>,'session_parameters': <session_parameters>}`.)
  result = cls.__new__(cls)

[2024-04-15T22:48:37.412+0000] {taskinstance.py:3312} INFO - 1 downstream tasks scheduled from follow-on schedule check
[2024-04-15T23:12:13.016+0000] {taskinstance.py:1979} INFO - Dependencies all met for dep_context=non-requeueable deps ti=<TaskInstance: KingFX1_ETL.Transform_response scheduled__2024-04-14T00:00:00+00:00 [queued]>
[2024-04-15T23:12:13.037+0000] {taskinstance.py:1979} INFO - Dependencies all met for dep_context=requeueable deps ti=<TaskInstance: KingFX1_ETL.Transform_response scheduled__2024-04-14T00:00:00+00:00 [queued]>
[2024-04-15T23:12:13.039+0000] {taskinstance.py:2193} INFO - Starting attempt 1 of 1
[2024-04-15T23:12:13.075+0000] {taskinstance.py:2217} INFO - Executing <Task(PythonOperator): Transform_response> on 2024-04-14 00:00:00+00:00
[2024-04-15T23:12:13.087+0000] {standard_task_runner.py:60} INFO - Started process 17316 to run task
[2024-04-15T23:12:13.109+0000] {standard_task_runner.py:87} INFO - Running: ['***', 'tasks', 'run', 'KingFX1_ETL', 'Transform_response', 'scheduled__2024-04-14T00:00:00+00:00', '--job-id', '117', '--raw', '--subdir', 'DAGS_FOLDER/include/fx_dag.py', '--cfg-path', '/tmp/tmpzr7szrjc']
[2024-04-15T23:12:13.118+0000] {standard_task_runner.py:88} INFO - Job 117: Subtask Transform_response
[2024-04-15T23:12:13.242+0000] {task_command.py:423} INFO - Running <TaskInstance: KingFX1_ETL.Transform_response scheduled__2024-04-14T00:00:00+00:00 [running]> on host 65f2ce3f86e2
[2024-04-15T23:12:13.425+0000] {taskinstance.py:2513} INFO - Exporting env vars: AIRFLOW_CTX_DAG_OWNER='***' AIRFLOW_CTX_DAG_ID='KingFX1_ETL' AIRFLOW_CTX_TASK_ID='Transform_response' AIRFLOW_CTX_EXECUTION_DATE='2024-04-14T00:00:00+00:00' AIRFLOW_CTX_TRY_NUMBER='1' AIRFLOW_CTX_DAG_RUN_ID='scheduled__2024-04-14T00:00:00+00:00'
[2024-04-15T23:12:13.430+0000] {logging_mixin.py:188} INFO - {'terms': 'https://www.xe.com/legal/', 'privacy': 'http://www.xe.com/privacy.php', 'from': 'USD', 'amount': 1.0, 'timestamp': '2024-04-15T00:00:00Z', 'to': [{'quotecurrency': 'EGP', 'mid': 47.5475235609}, {'quotecurrency': 'GHS', 'mid': 13.4052863442}, {'quotecurrency': 'KES', 'mid': 129.9178476573}, {'quotecurrency': 'MAD', 'mid': 10.0217613841}, {'quotecurrency': 'NGN', 'mid': 1239.969221375}, {'quotecurrency': 'UGX', 'mid': 3805.5015679682}, {'quotecurrency': 'XOF', 'mid': 616.082413824}]}
[2024-04-15T23:12:13.461+0000] {python.py:202} INFO - Done. Returned value was: None
[2024-04-15T23:12:13.546+0000] {taskinstance.py:1149} INFO - Marking task as SUCCESS. dag_id=KingFX1_ETL, task_id=Transform_response, execution_date=20240414T000000, start_date=20240415T231213, end_date=20240415T231213
[2024-04-15T23:12:13.609+0000] {local_task_job_runner.py:234} INFO - Task exited with return code 0
[2024-04-15T23:12:13.636+0000] {warnings.py:109} WARNING - /home/***/.local/lib/python3.8/site-packages/***/models/baseoperator.py:1201: AirflowProviderDeprecationWarning: Call to deprecated class SnowflakeOperator. (This class is deprecated. Please use `***.providers.common.sql.operators.sql.SQLExecuteQueryOperator`. Also, you can provide `hook_params={'warehouse': <warehouse>, 'database': <database>, 'role': <role>, 'schema': <schema>, 'authenticator': <authenticator>,'session_parameters': <session_parameters>}`.)
  result = cls.__new__(cls)

[2024-04-15T23:12:13.682+0000] {taskinstance.py:3312} INFO - 1 downstream tasks scheduled from follow-on schedule check
