[2024-04-17T15:37:49.838+0000] {taskinstance.py:1979} INFO - Dependencies all met for dep_context=non-requeueable deps ti=<TaskInstance: KingFX1_ETL.Transform_response scheduled__2024-04-16T00:00:00+00:00 [queued]>
[2024-04-17T15:37:49.847+0000] {taskinstance.py:1979} INFO - Dependencies all met for dep_context=requeueable deps ti=<TaskInstance: KingFX1_ETL.Transform_response scheduled__2024-04-16T00:00:00+00:00 [queued]>
[2024-04-17T15:37:49.848+0000] {taskinstance.py:2193} INFO - Starting attempt 1 of 1
[2024-04-17T15:37:49.862+0000] {taskinstance.py:2217} INFO - Executing <Task(PythonOperator): Transform_response> on 2024-04-16 00:00:00+00:00
[2024-04-17T15:37:49.867+0000] {standard_task_runner.py:60} INFO - Started process 60 to run task
[2024-04-17T15:37:49.870+0000] {standard_task_runner.py:87} INFO - Running: ['***', 'tasks', 'run', 'KingFX1_ETL', 'Transform_response', 'scheduled__2024-04-16T00:00:00+00:00', '--job-id', '170', '--raw', '--subdir', 'DAGS_FOLDER/include/fx_dag.py', '--cfg-path', '/tmp/tmpqrm9qvpm']
[2024-04-17T15:37:49.873+0000] {standard_task_runner.py:88} INFO - Job 170: Subtask Transform_response
[2024-04-17T15:37:49.922+0000] {task_command.py:423} INFO - Running <TaskInstance: KingFX1_ETL.Transform_response scheduled__2024-04-16T00:00:00+00:00 [running]> on host 65f2ce3f86e2
[2024-04-17T15:37:49.994+0000] {taskinstance.py:2513} INFO - Exporting env vars: AIRFLOW_CTX_DAG_OWNER='***' AIRFLOW_CTX_DAG_ID='KingFX1_ETL' AIRFLOW_CTX_TASK_ID='Transform_response' AIRFLOW_CTX_EXECUTION_DATE='2024-04-16T00:00:00+00:00' AIRFLOW_CTX_TRY_NUMBER='1' AIRFLOW_CTX_DAG_RUN_ID='scheduled__2024-04-16T00:00:00+00:00'
[2024-04-17T15:37:49.997+0000] {logging_mixin.py:188} INFO - {'terms': 'https://www.xe.com/legal/', 'privacy': 'http://www.xe.com/privacy.php', 'from': 'USD', 'amount': 1.0, 'timestamp': '2024-04-17T00:00:00Z', 'to': [{'quotecurrency': 'EGP', 'mid': 48.5071048978}, {'quotecurrency': 'GHS', 'mid': 13.4455255211}, {'quotecurrency': 'KES', 'mid': 131.82846153}, {'quotecurrency': 'MAD', 'mid': 10.1652255079}, {'quotecurrency': 'NGN', 'mid': 1138.9651767834}, {'quotecurrency': 'UGX', 'mid': 3834.1235672434}, {'quotecurrency': 'XOF', 'mid': 617.6130264438}]}
[2024-04-17T15:37:50.019+0000] {python.py:202} INFO - Done. Returned value was: None
[2024-04-17T15:37:50.028+0000] {taskinstance.py:1149} INFO - Marking task as SUCCESS. dag_id=KingFX1_ETL, task_id=Transform_response, execution_date=20240416T000000, start_date=20240417T153749, end_date=20240417T153750
[2024-04-17T15:37:50.084+0000] {local_task_job_runner.py:234} INFO - Task exited with return code 0
[2024-04-17T15:37:50.097+0000] {warnings.py:109} WARNING - /home/***/.local/lib/python3.8/site-packages/***/models/baseoperator.py:1201: AirflowProviderDeprecationWarning: Call to deprecated class SnowflakeOperator. (This class is deprecated. Please use `***.providers.common.sql.operators.sql.SQLExecuteQueryOperator`. Also, you can provide `hook_params={'warehouse': <warehouse>, 'database': <database>, 'role': <role>, 'schema': <schema>, 'authenticator': <authenticator>,'session_parameters': <session_parameters>}`.)
  result = cls.__new__(cls)

[2024-04-17T15:37:50.116+0000] {taskinstance.py:3312} INFO - 1 downstream tasks scheduled from follow-on schedule check
[2024-04-17T16:52:26.671+0000] {taskinstance.py:1979} INFO - Dependencies all met for dep_context=non-requeueable deps ti=<TaskInstance: KingFX1_ETL.Transform_response scheduled__2024-04-16T00:00:00+00:00 [queued]>
[2024-04-17T16:52:26.681+0000] {taskinstance.py:1979} INFO - Dependencies all met for dep_context=requeueable deps ti=<TaskInstance: KingFX1_ETL.Transform_response scheduled__2024-04-16T00:00:00+00:00 [queued]>
[2024-04-17T16:52:26.682+0000] {taskinstance.py:2193} INFO - Starting attempt 1 of 0
[2024-04-17T16:52:26.697+0000] {taskinstance.py:2217} INFO - Executing <Task(PythonOperator): Transform_response> on 2024-04-16 00:00:00+00:00
[2024-04-17T16:52:26.702+0000] {standard_task_runner.py:60} INFO - Started process 1219 to run task
[2024-04-17T16:52:26.706+0000] {standard_task_runner.py:87} INFO - Running: ['***', 'tasks', 'run', 'KingFX1_ETL', 'Transform_response', 'scheduled__2024-04-16T00:00:00+00:00', '--job-id', '184', '--raw', '--subdir', 'DAGS_FOLDER/include/fx_dag.py', '--cfg-path', '/tmp/tmpyuen7_cj']
[2024-04-17T16:52:26.709+0000] {standard_task_runner.py:88} INFO - Job 184: Subtask Transform_response
[2024-04-17T16:52:26.763+0000] {task_command.py:423} INFO - Running <TaskInstance: KingFX1_ETL.Transform_response scheduled__2024-04-16T00:00:00+00:00 [running]> on host 65f2ce3f86e2
[2024-04-17T16:52:26.838+0000] {taskinstance.py:2513} INFO - Exporting env vars: AIRFLOW_CTX_DAG_OWNER='kresthill' AIRFLOW_CTX_DAG_ID='KingFX1_ETL' AIRFLOW_CTX_TASK_ID='Transform_response' AIRFLOW_CTX_EXECUTION_DATE='2024-04-16T00:00:00+00:00' AIRFLOW_CTX_TRY_NUMBER='1' AIRFLOW_CTX_DAG_RUN_ID='scheduled__2024-04-16T00:00:00+00:00'
[2024-04-17T16:52:26.840+0000] {logging_mixin.py:188} INFO - {'terms': 'https://www.xe.com/legal/', 'privacy': 'http://www.xe.com/privacy.php', 'from': 'USD', 'amount': 1.0, 'timestamp': '2024-04-17T00:00:00Z', 'to': [{'quotecurrency': 'EGP', 'mid': 48.5071048978}, {'quotecurrency': 'GHS', 'mid': 13.4455255211}, {'quotecurrency': 'KES', 'mid': 131.82846153}, {'quotecurrency': 'MAD', 'mid': 10.1652255079}, {'quotecurrency': 'NGN', 'mid': 1138.9651767834}, {'quotecurrency': 'UGX', 'mid': 3834.1235672434}, {'quotecurrency': 'XOF', 'mid': 617.6130264438}]}
[2024-04-17T16:52:26.854+0000] {python.py:202} INFO - Done. Returned value was: None
[2024-04-17T16:52:26.862+0000] {taskinstance.py:1149} INFO - Marking task as SUCCESS. dag_id=KingFX1_ETL, task_id=Transform_response, execution_date=20240416T000000, start_date=20240417T165226, end_date=20240417T165226
[2024-04-17T16:52:26.918+0000] {local_task_job_runner.py:234} INFO - Task exited with return code 0
[2024-04-17T16:52:26.929+0000] {warnings.py:109} WARNING - /home/***/.local/lib/python3.8/site-packages/***/models/baseoperator.py:1201: AirflowProviderDeprecationWarning: Call to deprecated class SnowflakeOperator. (This class is deprecated. Please use `***.providers.common.sql.operators.sql.SQLExecuteQueryOperator`. Also, you can provide `hook_params={'warehouse': <warehouse>, 'database': <database>, 'role': <role>, 'schema': <schema>, 'authenticator': <authenticator>,'session_parameters': <session_parameters>}`.)
  result = cls.__new__(cls)

[2024-04-17T16:52:26.948+0000] {taskinstance.py:3312} INFO - 2 downstream tasks scheduled from follow-on schedule check
[2024-04-17T23:49:40.257+0000] {taskinstance.py:1979} INFO - Dependencies all met for dep_context=non-requeueable deps ti=<TaskInstance: KingFX1_ETL.Transform_response scheduled__2024-04-16T00:00:00+00:00 [queued]>
[2024-04-17T23:49:40.267+0000] {taskinstance.py:1979} INFO - Dependencies all met for dep_context=requeueable deps ti=<TaskInstance: KingFX1_ETL.Transform_response scheduled__2024-04-16T00:00:00+00:00 [queued]>
[2024-04-17T23:49:40.267+0000] {taskinstance.py:2193} INFO - Starting attempt 1 of 0
[2024-04-17T23:49:40.282+0000] {taskinstance.py:2217} INFO - Executing <Task(PythonOperator): Transform_response> on 2024-04-16 00:00:00+00:00
[2024-04-17T23:49:40.289+0000] {standard_task_runner.py:60} INFO - Started process 2761 to run task
[2024-04-17T23:49:40.292+0000] {standard_task_runner.py:87} INFO - Running: ['***', 'tasks', 'run', 'KingFX1_ETL', 'Transform_response', 'scheduled__2024-04-16T00:00:00+00:00', '--job-id', '191', '--raw', '--subdir', 'DAGS_FOLDER/include/fx_dag.py', '--cfg-path', '/tmp/tmpj0mggt1r']
[2024-04-17T23:49:40.295+0000] {standard_task_runner.py:88} INFO - Job 191: Subtask Transform_response
[2024-04-17T23:49:40.348+0000] {task_command.py:423} INFO - Running <TaskInstance: KingFX1_ETL.Transform_response scheduled__2024-04-16T00:00:00+00:00 [running]> on host 65f2ce3f86e2
[2024-04-17T23:49:40.424+0000] {taskinstance.py:2513} INFO - Exporting env vars: AIRFLOW_CTX_DAG_OWNER='kresthill' AIRFLOW_CTX_DAG_ID='KingFX1_ETL' AIRFLOW_CTX_TASK_ID='Transform_response' AIRFLOW_CTX_EXECUTION_DATE='2024-04-16T00:00:00+00:00' AIRFLOW_CTX_TRY_NUMBER='1' AIRFLOW_CTX_DAG_RUN_ID='scheduled__2024-04-16T00:00:00+00:00'
[2024-04-17T23:49:40.426+0000] {logging_mixin.py:188} INFO - {'terms': 'https://www.xe.com/legal/', 'privacy': 'http://www.xe.com/privacy.php', 'from': 'USD', 'amount': 1.0, 'timestamp': '2024-04-17T00:00:00Z', 'to': [{'quotecurrency': 'EGP', 'mid': 48.5071048978}, {'quotecurrency': 'GHS', 'mid': 13.4455255211}, {'quotecurrency': 'KES', 'mid': 131.82846153}, {'quotecurrency': 'MAD', 'mid': 10.1652255079}, {'quotecurrency': 'NGN', 'mid': 1138.9651767834}, {'quotecurrency': 'UGX', 'mid': 3834.1235672434}, {'quotecurrency': 'XOF', 'mid': 617.6130264438}]}
[2024-04-17T23:49:40.439+0000] {python.py:202} INFO - Done. Returned value was: None
[2024-04-17T23:49:40.449+0000] {taskinstance.py:1149} INFO - Marking task as SUCCESS. dag_id=KingFX1_ETL, task_id=Transform_response, execution_date=20240416T000000, start_date=20240417T234940, end_date=20240417T234940
[2024-04-17T23:49:40.505+0000] {local_task_job_runner.py:234} INFO - Task exited with return code 0
[2024-04-17T23:49:40.515+0000] {warnings.py:109} WARNING - /home/***/.local/lib/python3.8/site-packages/***/models/baseoperator.py:1201: AirflowProviderDeprecationWarning: Call to deprecated class SnowflakeOperator. (This class is deprecated. Please use `***.providers.common.sql.operators.sql.SQLExecuteQueryOperator`. Also, you can provide `hook_params={'warehouse': <warehouse>, 'database': <database>, 'role': <role>, 'schema': <schema>, 'authenticator': <authenticator>,'session_parameters': <session_parameters>}`.)
  result = cls.__new__(cls)

[2024-04-17T23:49:40.534+0000] {taskinstance.py:3312} INFO - 1 downstream tasks scheduled from follow-on schedule check
