[2024-04-12T22:51:58.072+0000] {taskinstance.py:1979} INFO - Dependencies all met for dep_context=non-requeueable deps ti=<TaskInstance: KingFX1_ETL.Extract_Response scheduled__2024-04-11T00:00:00+00:00 [queued]>
[2024-04-12T22:51:58.082+0000] {taskinstance.py:1979} INFO - Dependencies all met for dep_context=requeueable deps ti=<TaskInstance: KingFX1_ETL.Extract_Response scheduled__2024-04-11T00:00:00+00:00 [queued]>
[2024-04-12T22:51:58.082+0000] {taskinstance.py:2193} INFO - Starting attempt 1 of 0
[2024-04-12T22:51:58.097+0000] {taskinstance.py:2217} INFO - Executing <Task(PythonOperator): Extract_Response> on 2024-04-11 00:00:00+00:00
[2024-04-12T22:51:58.102+0000] {standard_task_runner.py:60} INFO - Started process 3054 to run task
[2024-04-12T22:51:58.105+0000] {standard_task_runner.py:87} INFO - Running: ['***', 'tasks', 'run', 'KingFX1_ETL', 'Extract_Response', 'scheduled__2024-04-11T00:00:00+00:00', '--job-id', '72', '--raw', '--subdir', 'DAGS_FOLDER/include/fx_dag.py', '--cfg-path', '/tmp/tmpw5tbln7e']
[2024-04-12T22:51:58.107+0000] {standard_task_runner.py:88} INFO - Job 72: Subtask Extract_Response
[2024-04-12T22:51:58.155+0000] {task_command.py:423} INFO - Running <TaskInstance: KingFX1_ETL.Extract_Response scheduled__2024-04-11T00:00:00+00:00 [running]> on host 65f2ce3f86e2
[2024-04-12T22:51:58.227+0000] {taskinstance.py:2513} INFO - Exporting env vars: AIRFLOW_CTX_DAG_OWNER='kresthill' AIRFLOW_CTX_DAG_ID='KingFX1_ETL' AIRFLOW_CTX_TASK_ID='Extract_Response' AIRFLOW_CTX_EXECUTION_DATE='2024-04-11T00:00:00+00:00' AIRFLOW_CTX_TRY_NUMBER='1' AIRFLOW_CTX_DAG_RUN_ID='scheduled__2024-04-11T00:00:00+00:00'
[2024-04-12T22:51:58.228+0000] {logging_mixin.py:188} INFO - datascope1000723960447 tfa78vt86qrdcgqfs5m9asp2b4
[2024-04-12T22:51:59.458+0000] {logging_mixin.py:188} INFO - {'terms': 'https://www.xe.com/legal/', 'privacy': 'http://www.xe.com/privacy.php', 'from': 'USD', 'amount': 1.0, 'timestamp': '2024-04-12T00:00:00Z', 'to': [{'quotecurrency': 'EGP', 'mid': 47.5491911535}, {'quotecurrency': 'GHS', 'mid': 13.431504887}, {'quotecurrency': 'KES', 'mid': 129.9743734881}, {'quotecurrency': 'MAD', 'mid': 10.0229681005}, {'quotecurrency': 'NGN', 'mid': 1244.7301578421}, {'quotecurrency': 'UGX', 'mid': 3808.1158006418}, {'quotecurrency': 'XOF', 'mid': 611.5325462351}]}
[2024-04-12T22:51:59.459+0000] {python.py:202} INFO - Done. Returned value was: None
[2024-04-12T22:51:59.467+0000] {taskinstance.py:1149} INFO - Marking task as SUCCESS. dag_id=KingFX1_ETL, task_id=Extract_Response, execution_date=20240411T000000, start_date=20240412T225158, end_date=20240412T225159
[2024-04-12T22:51:59.488+0000] {local_task_job_runner.py:234} INFO - Task exited with return code 0
[2024-04-12T23:32:55.675+0000] {taskinstance.py:1979} INFO - Dependencies all met for dep_context=non-requeueable deps ti=<TaskInstance: KingFX1_ETL.Extract_Response scheduled__2024-04-11T00:00:00+00:00 [queued]>
[2024-04-12T23:32:55.690+0000] {taskinstance.py:1979} INFO - Dependencies all met for dep_context=requeueable deps ti=<TaskInstance: KingFX1_ETL.Extract_Response scheduled__2024-04-11T00:00:00+00:00 [queued]>
[2024-04-12T23:32:55.691+0000] {taskinstance.py:2193} INFO - Starting attempt 1 of 0
[2024-04-12T23:32:55.713+0000] {taskinstance.py:2217} INFO - Executing <Task(PythonOperator): Extract_Response> on 2024-04-11 00:00:00+00:00
[2024-04-12T23:32:55.725+0000] {standard_task_runner.py:60} INFO - Started process 3673 to run task
[2024-04-12T23:32:55.730+0000] {standard_task_runner.py:87} INFO - Running: ['***', 'tasks', 'run', 'KingFX1_ETL', 'Extract_Response', 'scheduled__2024-04-11T00:00:00+00:00', '--job-id', '75', '--raw', '--subdir', 'DAGS_FOLDER/include/fx_dag.py', '--cfg-path', '/tmp/tmpn44fkpc5']
[2024-04-12T23:32:55.735+0000] {standard_task_runner.py:88} INFO - Job 75: Subtask Extract_Response
[2024-04-12T23:32:55.808+0000] {task_command.py:423} INFO - Running <TaskInstance: KingFX1_ETL.Extract_Response scheduled__2024-04-11T00:00:00+00:00 [running]> on host 65f2ce3f86e2
[2024-04-12T23:32:55.909+0000] {taskinstance.py:2513} INFO - Exporting env vars: AIRFLOW_CTX_DAG_OWNER='kresthill' AIRFLOW_CTX_DAG_ID='KingFX1_ETL' AIRFLOW_CTX_TASK_ID='Extract_Response' AIRFLOW_CTX_EXECUTION_DATE='2024-04-11T00:00:00+00:00' AIRFLOW_CTX_TRY_NUMBER='1' AIRFLOW_CTX_DAG_RUN_ID='scheduled__2024-04-11T00:00:00+00:00'
[2024-04-12T23:32:55.912+0000] {logging_mixin.py:188} INFO - datascope1000723960447 tfa78vt86qrdcgqfs5m9asp2b4
[2024-04-12T23:32:57.627+0000] {logging_mixin.py:188} INFO - {'terms': 'https://www.xe.com/legal/', 'privacy': 'http://www.xe.com/privacy.php', 'from': 'USD', 'amount': 1.0, 'timestamp': '2024-04-12T00:00:00Z', 'to': [{'quotecurrency': 'EGP', 'mid': 47.5491911535}, {'quotecurrency': 'GHS', 'mid': 13.431504887}, {'quotecurrency': 'KES', 'mid': 129.9743734881}, {'quotecurrency': 'MAD', 'mid': 10.0229681005}, {'quotecurrency': 'NGN', 'mid': 1244.7301578421}, {'quotecurrency': 'UGX', 'mid': 3808.1158006418}, {'quotecurrency': 'XOF', 'mid': 611.5325462351}]}
[2024-04-12T23:32:57.631+0000] {python.py:202} INFO - Done. Returned value was: None
[2024-04-12T23:32:57.657+0000] {taskinstance.py:1149} INFO - Marking task as SUCCESS. dag_id=KingFX1_ETL, task_id=Extract_Response, execution_date=20240411T000000, start_date=20240412T233255, end_date=20240412T233257
[2024-04-12T23:32:57.719+0000] {local_task_job_runner.py:234} INFO - Task exited with return code 0
